Visualization disabled. GUI opens by default when a usable local display socket is present. Set VO_ENABLE_GUI=0 to force headless mode.
Custom output root: output/motion_modes/01_static/static_02
Selected frame range: [644, 715] (72 frames)
Processing 72 frames...
Frame 646: 2D-2D pose failed.
Frame 646 (3/72) tracked=2000 inliers=2 status=skip-pose
Frame 647: 2D-2D pose failed.
Frame 647 (4/72) tracked=2000 inliers=11 status=skip-pose
Frame 648: 2D-2D pose failed.
Frame 648 (5/72) tracked=2000 inliers=19 status=skip-pose
Frame 649: 2D-2D pose failed.
Frame 650: skipped keyframe rebuild due to low baseline/parallax.
Frame 650: tracked features down to 72, re-detecting.
Frame 651: skipped keyframe rebuild due to low baseline/parallax.
Frame 651: tracked features down to 27, re-detecting.
Frame 652: 2D-2D pose failed.
Frame 653: skipped keyframe rebuild due to low baseline/parallax.
Frame 653: tracked features down to 44, re-detecting.
Frame 654: 2D-2D pose failed.
Frame 655: 2D-2D pose failed.
Frame 656: 2D-2D pose failed.
Frame 657: scale below threshold.
Frame 658: 2D-2D pose failed.
Frame 659: 2D-2D pose failed.
Frame 660: 2D-2D pose failed.
Frame 661: 2D-2D pose failed.
Frame 662: 2D-2D pose failed.
Frame 663: 2D-2D pose failed.
Frame 664: 2D-2D pose failed.
Frame 665: 2D-2D pose failed.
Frame 666: 2D-2D pose failed.
Frame 667: 2D-2D pose failed.
Frame 668: 2D-2D pose failed.
Frame 669: 2D-2D pose failed.
Frame 670: 2D-2D pose failed.
Frame 671: 2D-2D pose failed.
Frame 672: 2D-2D pose failed.
Frame 673: 2D-2D pose failed.
Frame 674: 2D-2D pose failed.
Frame 675: 2D-2D pose failed.
Frame 676: 2D-2D pose failed.
Frame 677: 2D-2D pose failed.
Frame 678: 2D-2D pose failed.
Frame 679: 2D-2D pose failed.
Frame 680: 2D-2D pose failed.
Frame 681: 2D-2D pose failed.
Frame 682: 2D-2D pose failed.
Frame 683: 2D-2D pose failed.
Frame 684: 2D-2D pose failed.
Frame 685: 2D-2D pose failed.
Frame 686: 2D-2D pose failed.
Frame 687: 2D-2D pose failed.
Frame 688: 2D-2D pose failed.
Frame 689: 2D-2D pose failed.
Frame 690: 2D-2D pose failed.
Frame 691: 2D-2D pose failed.
Frame 692: 2D-2D pose failed.
Frame 693: 2D-2D pose failed.
Frame 693 (50/72) tracked=2000 inliers=3 status=skip-pose
Frame 694: 2D-2D pose failed.
Frame 695: 2D-2D pose failed.
Frame 696: 2D-2D pose failed.
Frame 697: 2D-2D pose failed.
Frame 698: 2D-2D pose failed.
Frame 699: 2D-2D pose failed.
Frame 700: 2D-2D pose failed.
Frame 701: 2D-2D pose failed.
Frame 702: 2D-2D pose failed.
Frame 703: 2D-2D pose failed.
Frame 704: 2D-2D pose failed.
Frame 705: 2D-2D pose failed.
Frame 706: 2D-2D pose failed.
Frame 707: 2D-2D pose failed.
Frame 708: 2D-2D pose failed.
Frame 709: scale below threshold.
Frame 710: scale below threshold.
Frame 711: scale below threshold.
Frame 712: scale below threshold.
Frame 713: scale below threshold.
Frame 714: scale below threshold.
Frame 715: scale below threshold.
Frame 715 (72/72) tracked=35 inliers=35 status=skip-small-baseline
Finished. Saved TUM trajectory to /home/xywu/桌面/SLAM/output/motion_modes/01_static/static_02/position/position.txt, geometry trajectory to /home/xywu/桌面/SLAM/output/motion_modes/01_static/static_02/position/geometry_position.txt and map to /home/xywu/桌面/SLAM/output/motion_modes/01_static/static_02/traj/map2.png

Initialization triangulation is insufficient; the next frame will rebuild landmarks via 2D-2D.
